<?xml version="1.0" encoding="UTF-8"?>
<testsuite xmlns:xsi="http://www.w3.org/2001/XMLSchema-instance" xsi:noNamespaceSchemaLocation="https://maven.apache.org/surefire/maven-surefire-plugin/xsd/surefire-test-report.xsd" name="TestSuite" time="30.184" tests="4" errors="0" skipped="0" failures="1">
  <properties>
[...]
</properties>
  <testcase name="YTTest" classname="Multitest.Amazon" time="22.017"/>
  <testcase name="MHovering" classname="Multitest.MouseHovering" time="4.201">
    <failure message="no such window: target window already closed&#10;from unknown error: web view not found&#10;  (Session info: chrome=117.0.5938.152)&#10;Build info: version: &apos;4.14.1&apos;, revision: &apos;03f8ede370&apos;&#10;System info: os.name: &apos;Windows 10&apos;, os.arch: &apos;amd64&apos;, os.version: &apos;10.0&apos;, java.version: &apos;17.0.8&apos;&#10;Driver info: org.openqa.selenium.chrome.ChromeDriver&#10;Command: [242a8b2a123c229795e8e00d2202dbed, findElement {using=xpath, value=//span[text()=&apos;Your Account&apos;]}]&#10;Capabilities {acceptInsecureCerts: false, browserName: chrome, browserVersion: 117.0.5938.152, chrome: {chromedriverVersion: 117.0.5938.149 (e3344ddefa1..., userDataDir: C:\Users\K1ll3R\AppData\Loc...}, fedcm:accounts: true, goog:chromeOptions: {debuggerAddress: localhost:52165}, networkConnectionEnabled: false, pageLoadStrategy: normal, platformName: windows, proxy: Proxy(), se:cdp: ws://localhost:52165/devtoo..., se:cdpVersion: 117.0.5938.152, setWindowRect: true, strictFileInteractability: false, timeouts: {implicit: 0, pageLoad: 300000, script: 30000}, unhandledPromptBehavior: dismiss and notify, webauthn:extension:credBlob: true, webauthn:extension:largeBlob: true, webauthn:extension:minPinLength: true, webauthn:extension:prf: true, webauthn:virtualAuthenticators: true}&#10;Session ID: 242a8b2a123c229795e8e00d2202dbed" type="org.openqa.selenium.NoSuchWindowException">org.openqa.selenium.NoSuchWindowException: 
no such window: target window already closed
from unknown error: web view not found
  (Session info: chrome=117.0.5938.152)
Build info: version: '4.14.1', revision: '03f8ede370'
System info: os.name: 'Windows 10', os.arch: 'amd64', os.version: '10.0', java.version: '17.0.8'
Driver info: org.openqa.selenium.chrome.ChromeDriver
Command: [242a8b2a123c229795e8e00d2202dbed, findElement {using=xpath, value=//span[text()='Your Account']}]
Capabilities {acceptInsecureCerts: false, browserName: chrome, browserVersion: 117.0.5938.152, chrome: {chromedriverVersion: 117.0.5938.149 (e3344ddefa1..., userDataDir: C:\Users\K1ll3R\AppData\Loc...}, fedcm:accounts: true, goog:chromeOptions: {debuggerAddress: localhost:52165}, networkConnectionEnabled: false, pageLoadStrategy: normal, platformName: windows, proxy: Proxy(), se:cdp: ws://localhost:52165/devtoo..., se:cdpVersion: 117.0.5938.152, setWindowRect: true, strictFileInteractability: false, timeouts: {implicit: 0, pageLoad: 300000, script: 30000}, unhandledPromptBehavior: dismiss and notify, webauthn:extension:credBlob: true, webauthn:extension:largeBlob: true, webauthn:extension:minPinLength: true, webauthn:extension:prf: true, webauthn:virtualAuthenticators: true}
Session ID: 242a8b2a123c229795e8e00d2202dbed
	at Multitest.MouseHovering.MHovering(MouseHovering.java:31)
</failure>
    <system-out><![CDATA[Online Shopping site in India: Shop Online for Mobiles, Books, Watches, Shoes and More - Amazon.in
]]></system-out>
  </testcase>
  <testcase name="DropDown" classname="Multitest.TestNgScripts" time="0.231"/>
  <testcase name="AdvanceDropDown" classname="Multitest.TestNgScripts" time="0.874"/>
</testsuite>